\BOOKMARK [1][-]{section.1}{Introduction}{}% 1
\BOOKMARK [2][-]{subsection.1.1}{Previous Work}{section.1}% 2
\BOOKMARK [2][-]{subsection.1.2}{Contributions}{section.1}% 3
\BOOKMARK [2][-]{subsection.1.3}{Notation}{section.1}% 4
\BOOKMARK [1][-]{section.2}{Kantorovich Problem for Tensor-Valued Transport}{}% 5
\BOOKMARK [2][-]{subsection.2.1}{Tensor Transportation}{section.2}% 6
\BOOKMARK [2][-]{subsection.2.2}{Quantum Transport Interpolation}{section.2}% 7
\BOOKMARK [1][-]{section.3}{Quantum Sinkhorn}{}% 8
\BOOKMARK [2][-]{subsection.3.1}{Entropic Regularization}{section.3}% 9
\BOOKMARK [2][-]{subsection.3.2}{Quantum Sinkhorn Algorithm}{section.3}% 10
\BOOKMARK [2][-]{subsection.3.3}{Trace-Constrained Extension}{section.3}% 11
\BOOKMARK [2][-]{subsection.3.4}{Numerical Illustrations}{section.3}% 12
\BOOKMARK [1][-]{section.4}{Quantum Barycenters}{}% 13
\BOOKMARK [2][-]{subsection.4.1}{Barycenter Optimization Problem}{section.4}% 14
\BOOKMARK [2][-]{subsection.4.2}{Quantum Barycenter Sinkhorn}{section.4}% 15
\BOOKMARK [2][-]{subsection.4.3}{Numerical Illustrations}{section.4}% 16
\BOOKMARK [1][-]{section.5}{Applications}{}% 17
\BOOKMARK [2][-]{subsection.5.1}{Anisotropic Space-Varying Procedural Noise}{section.5}% 18
\BOOKMARK [2][-]{subsection.5.2}{Anisotropic Meshing}{section.5}% 19
\BOOKMARK [2][-]{subsection.5.3}{Diffusion Tensor Imaging}{section.5}% 20
\BOOKMARK [2][-]{subsection.5.4}{Spectral Color Texture Synthesis}{section.5}% 21
\BOOKMARK [1][-]{section.6}{Conclusion}{}% 22
\BOOKMARK [1][-]{section*.13}{References}{}% 23
